This job can be monitored from: https://scruffy.c3se.chalmers.se/d/alvis-job/alvis-job?var-jobid=1487066&from=1697899504000
Warning: The Anaconda module is not recommended for common use cases.
See our Python documentation for recomended procedure for Python packages.
https://www.c3se.chalmers.se/documentation/applications/python/
Using device: cuda	Model name: NVIDIA A40
shape of data in batch 0 is (128, 1, 64, 64) 
shape of data in batch 1 is (128, 1, 64, 64) 
shape of data in batch 2 is (128, 1, 64, 64) 
shape of data in batch 3 is (128, 1, 64, 64) 
shape of data in batch 4 is (128, 1, 64, 64) 
shape of data in batch 5 is (128, 1, 64, 64) 
shape of data in batch 6 is (128, 1, 64, 64) 
shape of data in batch 7 is (128, 1, 64, 64) 
shape of data in batch 8 is (128, 1, 64, 64) 
shape of data in batch 9 is (128, 1, 64, 64) 
shape of data in batch 10 is (128, 1, 64, 64) 
shape of data in batch 11 is (128, 1, 64, 64) 
shape of data in batch 12 is (128, 1, 64, 64) 
shape of data in batch 13 is (128, 1, 64, 64) 
shape of data in batch 14 is (128, 1, 64, 64) 
shape of data in batch 15 is (128, 1, 64, 64) 
shape of data in batch 16 is (128, 1, 64, 64) 
shape of data in batch 17 is (128, 1, 64, 64) 
shape of data in batch 18 is (128, 1, 64, 64) 
shape of data in batch 19 is (128, 1, 64, 64) 
shape of data in batch 20 is (128, 1, 64, 64) 
shape of data in batch 21 is (128, 1, 64, 64) 
shape of data in batch 22 is (128, 1, 64, 64) 
shape of data in batch 23 is (128, 1, 64, 64) 
shape of data in batch 24 is (128, 1, 64, 64) 
shape of data in batch 25 is (128, 1, 64, 64) 
shape of data in batch 26 is (128, 1, 64, 64) 
shape of data in batch 27 is (128, 1, 64, 64) 
shape of data in batch 28 is (128, 1, 64, 64) 
shape of data in batch 29 is (128, 1, 64, 64) 
shape of data in batch 30 is (128, 1, 64, 64) 
shape of data in batch 31 is (128, 1, 64, 64) 
shape of data in batch 32 is (128, 1, 64, 64) 
shape of data in batch 33 is (128, 1, 64, 64) 
shape of data in batch 34 is (128, 1, 64, 64) 
shape of data in batch 35 is (128, 1, 64, 64) 
shape of data in batch 36 is (128, 1, 64, 64) 
shape of data in batch 37 is (128, 1, 64, 64) 
shape of data in batch 38 is (128, 1, 64, 64) 
shape of data in batch 39 is (128, 1, 64, 64) 
shape of data in batch 40 is (128, 1, 64, 64) 
shape of data in batch 41 is (128, 1, 64, 64) 
shape of data in batch 42 is (128, 1, 64, 64) 
shape of data in batch 43 is (128, 1, 64, 64) 
shape of data in batch 44 is (128, 1, 64, 64) 
shape of data in batch 45 is (128, 1, 64, 64) 
shape of data in batch 46 is (128, 1, 64, 64) 
shape of data in batch 47 is (128, 1, 64, 64) 
shape of data in batch 48 is (128, 1, 64, 64) 
shape of data in batch 49 is (128, 1, 64, 64) 
shape of data in batch 50 is (128, 1, 64, 64) 
shape of data in batch 51 is (128, 1, 64, 64) 
shape of data in batch 52 is (128, 1, 64, 64) 
shape of data in batch 53 is (128, 1, 64, 64) 
shape of data in batch 54 is (128, 1, 64, 64) 
shape of data in batch 55 is (128, 1, 64, 64) 
shape of data in batch 56 is (128, 1, 64, 64) 
shape of data in batch 57 is (128, 1, 64, 64) 
shape of data in batch 58 is (128, 1, 64, 64) 
shape of data in batch 59 is (128, 1, 64, 64) 
shape of data in batch 60 is (128, 1, 64, 64) 
shape of data in batch 61 is (128, 1, 64, 64) 
shape of data in batch 62 is (128, 1, 64, 64) 
shape of data in batch 63 is (128, 1, 64, 64) 
shape of data in batch 64 is (128, 1, 64, 64) 
shape of data in batch 65 is (128, 1, 64, 64) 
shape of data in batch 66 is (128, 1, 64, 64) 
shape of data in batch 67 is (128, 1, 64, 64) 
shape of data in batch 68 is (128, 1, 64, 64) 
shape of data in batch 69 is (128, 1, 64, 64) 
shape of data in batch 70 is (128, 1, 64, 64) 
shape of data in batch 71 is (128, 1, 64, 64) 
shape of data in batch 72 is (128, 1, 64, 64) 
shape of data in batch 73 is (128, 1, 64, 64) 
shape of data in batch 74 is (128, 1, 64, 64) 
shape of data in batch 75 is (128, 1, 64, 64) 
shape of data in batch 76 is (128, 1, 64, 64) 
shape of data in batch 77 is (128, 1, 64, 64) 
shape of data in batch 78 is (128, 1, 64, 64) 
shape of data in batch 79 is (128, 1, 64, 64) 
shape of data in batch 80 is (128, 1, 64, 64) 
shape of data in batch 81 is (128, 1, 64, 64) 
shape of data in batch 82 is (128, 1, 64, 64) 
shape of data in batch 83 is (128, 1, 64, 64) 
shape of data in batch 84 is (128, 1, 64, 64) 
shape of data in batch 85 is (128, 1, 64, 64) 
shape of data in batch 86 is (128, 1, 64, 64) 
shape of data in batch 87 is (128, 1, 64, 64) 
shape of data in batch 88 is (128, 1, 64, 64) 
shape of data in batch 89 is (128, 1, 64, 64) 
shape of data in batch 90 is (128, 1, 64, 64) 
shape of data in batch 91 is (128, 1, 64, 64) 
shape of data in batch 92 is (128, 1, 64, 64) 
shape of data in batch 93 is (128, 1, 64, 64) 
shape of data in batch 94 is (128, 1, 64, 64) 
shape of data in batch 95 is (128, 1, 64, 64) 
shape of data in batch 96 is (128, 1, 64, 64) 
shape of data in batch 97 is (128, 1, 64, 64) 
shape of data in batch 98 is (128, 1, 64, 64) 
shape of data in batch 99 is (128, 1, 64, 64) 
shape of data in batch 100 is (128, 1, 64, 64) 
shape of data in batch 101 is (128, 1, 64, 64) 
shape of data in batch 102 is (128, 1, 64, 64) 
shape of data in batch 103 is (128, 1, 64, 64) 
shape of data in batch 104 is (128, 1, 64, 64) 
shape of data in batch 105 is (128, 1, 64, 64) 
shape of data in batch 106 is (128, 1, 64, 64) 
shape of data in batch 107 is (128, 1, 64, 64) 
shape of data in batch 108 is (128, 1, 64, 64) 
shape of data in batch 109 is (128, 1, 64, 64) 
shape of data in batch 110 is (128, 1, 64, 64) 
shape of data in batch 111 is (128, 1, 64, 64) 
shape of data in batch 112 is (128, 1, 64, 64) 
shape of data in batch 113 is (128, 1, 64, 64) 
shape of data in batch 114 is (128, 1, 64, 64) 
shape of data in batch 115 is (128, 1, 64, 64) 
shape of data in batch 116 is (128, 1, 64, 64) 
shape of data in batch 117 is (128, 1, 64, 64) 
shape of data in batch 118 is (128, 1, 64, 64) 
shape of data in batch 119 is (128, 1, 64, 64) 
shape of data in batch 120 is (128, 1, 64, 64) 
shape of data in batch 121 is (128, 1, 64, 64) 
shape of data in batch 122 is (128, 1, 64, 64) 
shape of data in batch 123 is (128, 1, 64, 64) 
shape of data in batch 124 is (128, 1, 64, 64) 
shape of data in batch 125 is (128, 1, 64, 64) 
shape of data in batch 126 is (128, 1, 64, 64) 
shape of data in batch 127 is (128, 1, 64, 64) 
shape of data in batch 128 is (128, 1, 64, 64) 
shape of data in batch 129 is (128, 1, 64, 64) 
shape of data in batch 130 is (128, 1, 64, 64) 
shape of data in batch 131 is (128, 1, 64, 64) 
shape of data in batch 132 is (128, 1, 64, 64) 
shape of data in batch 133 is (128, 1, 64, 64) 
shape of data in batch 134 is (128, 1, 64, 64) 
shape of data in batch 135 is (128, 1, 64, 64) 
shape of data in batch 136 is (128, 1, 64, 64) 
shape of data in batch 137 is (128, 1, 64, 64) 
shape of data in batch 138 is (128, 1, 64, 64) 
shape of data in batch 139 is (128, 1, 64, 64) 
shape of data in batch 140 is (128, 1, 64, 64) 
shape of data in batch 141 is (128, 1, 64, 64) 
shape of data in batch 142 is (128, 1, 64, 64) 
shape of data in batch 143 is (128, 1, 64, 64) 
shape of data in batch 144 is (128, 1, 64, 64) 
shape of data in batch 145 is (128, 1, 64, 64) 
shape of data in batch 146 is (128, 1, 64, 64) 
shape of data in batch 147 is (128, 1, 64, 64) 
shape of data in batch 148 is (128, 1, 64, 64) 
shape of data in batch 149 is (128, 1, 64, 64) 
shape of data in batch 150 is (128, 1, 64, 64) 
shape of data in batch 151 is (128, 1, 64, 64) 
shape of data in batch 152 is (128, 1, 64, 64) 
shape of data in batch 153 is (128, 1, 64, 64) 
shape of data in batch 154 is (128, 1, 64, 64) 
shape of data in batch 155 is (128, 1, 64, 64) 
shape of data in batch 156 is (128, 1, 64, 64) 
shape of data in batch 157 is (128, 1, 64, 64) 
shape of data in batch 158 is (128, 1, 64, 64) 
shape of data in batch 159 is (128, 1, 64, 64) 
shape of data in batch 160 is (128, 1, 64, 64) 
shape of data in batch 161 is (128, 1, 64, 64) 
shape of data in batch 162 is (128, 1, 64, 64) 
shape of data in batch 163 is (128, 1, 64, 64) 
shape of data in batch 164 is (128, 1, 64, 64) 
shape of data in batch 165 is (128, 1, 64, 64) 
shape of data in batch 166 is (128, 1, 64, 64) 
shape of data in batch 167 is (128, 1, 64, 64) 
shape of data in batch 168 is (128, 1, 64, 64) 
shape of data in batch 169 is (128, 1, 64, 64) 
shape of data in batch 170 is (128, 1, 64, 64) 
shape of data in batch 171 is (128, 1, 64, 64) 
shape of data in batch 172 is (128, 1, 64, 64) 
shape of data in batch 173 is (128, 1, 64, 64) 
shape of data in batch 174 is (128, 1, 64, 64) 
shape of data in batch 175 is (128, 1, 64, 64) 
shape of data in batch 176 is (128, 1, 64, 64) 
shape of data in batch 177 is (128, 1, 64, 64) 
shape of data in batch 178 is (128, 1, 64, 64) 
shape of data in batch 179 is (128, 1, 64, 64) 
shape of data in batch 180 is (128, 1, 64, 64) 
shape of data in batch 181 is (128, 1, 64, 64) 
shape of data in batch 182 is (128, 1, 64, 64) 
shape of data in batch 183 is (128, 1, 64, 64) 
shape of data in batch 184 is (128, 1, 64, 64) 
shape of data in batch 185 is (128, 1, 64, 64) 
shape of data in batch 186 is (128, 1, 64, 64) 
shape of data in batch 187 is (128, 1, 64, 64) 
shape of data in batch 188 is (128, 1, 64, 64) 
shape of data in batch 189 is (128, 1, 64, 64) 
shape of data in batch 190 is (128, 1, 64, 64) 
shape of data in batch 191 is (128, 1, 64, 64) 
shape of data in batch 192 is (128, 1, 64, 64) 
shape of data in batch 193 is (128, 1, 64, 64) 
shape of data in batch 194 is (128, 1, 64, 64) 
shape of data in batch 195 is (128, 1, 64, 64) 
shape of data in batch 196 is (128, 1, 64, 64) 
shape of data in batch 197 is (128, 1, 64, 64) 
shape of data in batch 198 is (128, 1, 64, 64) 
shape of data in batch 199 is (128, 1, 64, 64) 
shape of data in batch 200 is (128, 1, 64, 64) 
shape of data in batch 201 is (128, 1, 64, 64) 
shape of data in batch 202 is (128, 1, 64, 64) 
shape of data in batch 203 is (128, 1, 64, 64) 
shape of data in batch 204 is (128, 1, 64, 64) 
shape of data in batch 205 is (128, 1, 64, 64) 
shape of data in batch 206 is (128, 1, 64, 64) 
shape of data in batch 207 is (128, 1, 64, 64) 
shape of data in batch 208 is (128, 1, 64, 64) 
shape of data in batch 209 is (128, 1, 64, 64) 
shape of data in batch 210 is (128, 1, 64, 64) 
shape of data in batch 211 is (128, 1, 64, 64) 
shape of data in batch 212 is (128, 1, 64, 64) 
shape of data in batch 213 is (128, 1, 64, 64) 
shape of data in batch 214 is (128, 1, 64, 64) 
shape of data in batch 215 is (128, 1, 64, 64) 
shape of data in batch 216 is (128, 1, 64, 64) 
shape of data in batch 217 is (128, 1, 64, 64) 
shape of data in batch 218 is (128, 1, 64, 64) 
shape of data in batch 219 is (128, 1, 64, 64) 
shape of data in batch 220 is (128, 1, 64, 64) 
shape of data in batch 221 is (128, 1, 64, 64) 
shape of data in batch 222 is (128, 1, 64, 64) 
shape of data in batch 223 is (128, 1, 64, 64) 
shape of data in batch 224 is (128, 1, 64, 64) 
shape of data in batch 225 is (128, 1, 64, 64) 
shape of data in batch 226 is (128, 1, 64, 64) 
shape of data in batch 227 is (128, 1, 64, 64) 
shape of data in batch 228 is (128, 1, 64, 64) 
shape of data in batch 229 is (128, 1, 64, 64) 
shape of data in batch 230 is (128, 1, 64, 64) 
shape of data in batch 231 is (128, 1, 64, 64) 
shape of data in batch 232 is (128, 1, 64, 64) 
shape of data in batch 233 is (128, 1, 64, 64) 
shape of data in batch 234 is (128, 1, 64, 64) 
shape of data in batch 235 is (128, 1, 64, 64) 
shape of data in batch 236 is (128, 1, 64, 64) 
shape of data in batch 237 is (128, 1, 64, 64) 
shape of data in batch 238 is (128, 1, 64, 64) 
shape of data in batch 239 is (128, 1, 64, 64) 
shape of data in batch 240 is (128, 1, 64, 64) 
shape of data in batch 241 is (128, 1, 64, 64) 
shape of data in batch 242 is (128, 1, 64, 64) 
shape of data in batch 243 is (128, 1, 64, 64) 
shape of data in batch 244 is (128, 1, 64, 64) 
shape of data in batch 245 is (128, 1, 64, 64) 
shape of data in batch 246 is (128, 1, 64, 64) 
shape of data in batch 247 is (128, 1, 64, 64) 
shape of data in batch 248 is (128, 1, 64, 64) 
shape of data in batch 249 is (128, 1, 64, 64) 
shape of data in batch 250 is (128, 1, 64, 64) 
shape of data in batch 251 is (128, 1, 64, 64) 
shape of data in batch 252 is (128, 1, 64, 64) 
shape of data in batch 253 is (128, 1, 64, 64) 
shape of data in batch 254 is (128, 1, 64, 64) 
shape of data in batch 255 is (128, 1, 64, 64) 
shape of data in batch 256 is (128, 1, 64, 64) 
shape of data in batch 257 is (128, 1, 64, 64) 
shape of data in batch 258 is (128, 1, 64, 64) 
shape of data in batch 259 is (128, 1, 64, 64) 
shape of data in batch 260 is (128, 1, 64, 64) 
shape of data in batch 261 is (128, 1, 64, 64) 
shape of data in batch 262 is (128, 1, 64, 64) 
shape of data in batch 263 is (128, 1, 64, 64) 
shape of data in batch 264 is (128, 1, 64, 64) 
shape of data in batch 265 is (128, 1, 64, 64) 
shape of data in batch 266 is (128, 1, 64, 64) 
shape of data in batch 267 is (128, 1, 64, 64) 
shape of data in batch 268 is (128, 1, 64, 64) 
shape of data in batch 269 is (128, 1, 64, 64) 
shape of data in batch 270 is (128, 1, 64, 64) 
shape of data in batch 271 is (128, 1, 64, 64) 
shape of data in batch 272 is (128, 1, 64, 64) 
shape of data in batch 273 is (128, 1, 64, 64) 
shape of data in batch 274 is (128, 1, 64, 64) 
shape of data in batch 275 is (128, 1, 64, 64) 
shape of data in batch 276 is (128, 1, 64, 64) 
shape of data in batch 277 is (128, 1, 64, 64) 
shape of data in batch 278 is (128, 1, 64, 64) 
shape of data in batch 279 is (128, 1, 64, 64) 
shape of data in batch 280 is (128, 1, 64, 64) 
shape of data in batch 281 is (128, 1, 64, 64) 
shape of data in batch 282 is (128, 1, 64, 64) 
shape of data in batch 283 is (128, 1, 64, 64) 
shape of data in batch 284 is (128, 1, 64, 64) 
shape of data in batch 285 is (128, 1, 64, 64) 
shape of data in batch 286 is (128, 1, 64, 64) 
shape of data in batch 287 is (128, 1, 64, 64) 
shape of data in batch 288 is (128, 1, 64, 64) 
shape of data in batch 289 is (128, 1, 64, 64) 
shape of data in batch 290 is (128, 1, 64, 64) 
shape of data in batch 291 is (128, 1, 64, 64) 
shape of data in batch 292 is (128, 1, 64, 64) 
shape of data in batch 293 is (128, 1, 64, 64) 
shape of data in batch 294 is (128, 1, 64, 64) 
shape of data in batch 295 is (128, 1, 64, 64) 
shape of data in batch 296 is (128, 1, 64, 64) 
shape of data in batch 297 is (128, 1, 64, 64) 
shape of data in batch 298 is (128, 1, 64, 64) 
shape of data in batch 299 is (128, 1, 64, 64) 
shape of data in batch 300 is (128, 1, 64, 64) 
shape of data in batch 301 is (128, 1, 64, 64) 
shape of data in batch 302 is (128, 1, 64, 64) 
shape of data in batch 303 is (128, 1, 64, 64) 
shape of data in batch 304 is (128, 1, 64, 64) 
shape of data in batch 305 is (128, 1, 64, 64) 
shape of data in batch 306 is (128, 1, 64, 64) 
shape of data in batch 307 is (128, 1, 64, 64) 
shape of data in batch 308 is (128, 1, 64, 64) 
shape of data in batch 309 is (128, 1, 64, 64) 
shape of data in batch 310 is (128, 1, 64, 64) 
shape of data in batch 311 is (128, 1, 64, 64) 
shape of data in batch 312 is (128, 1, 64, 64) 
shape of data in batch 313 is (128, 1, 64, 64) 
shape of data in batch 314 is (128, 1, 64, 64) 
shape of data in batch 315 is (128, 1, 64, 64) 
shape of data in batch 316 is (128, 1, 64, 64) 
shape of data in batch 317 is (128, 1, 64, 64) 
shape of data in batch 318 is (128, 1, 64, 64) 
shape of data in batch 319 is (128, 1, 64, 64) 
shape of data in batch 320 is (128, 1, 64, 64) 
shape of data in batch 321 is (128, 1, 64, 64) 
shape of data in batch 322 is (128, 1, 64, 64) 
shape of data in batch 323 is (128, 1, 64, 64) 
shape of data in batch 324 is (128, 1, 64, 64) 
shape of data in batch 325 is (128, 1, 64, 64) 
shape of data in batch 326 is (128, 1, 64, 64) 
shape of data in batch 327 is (128, 1, 64, 64) 
shape of data in batch 328 is (128, 1, 64, 64) 
shape of data in batch 329 is (128, 1, 64, 64) 
shape of data in batch 330 is (128, 1, 64, 64) 
shape of data in batch 331 is (128, 1, 64, 64) 
shape of data in batch 332 is (128, 1, 64, 64) 
shape of data in batch 333 is (128, 1, 64, 64) 
shape of data in batch 334 is (128, 1, 64, 64) 
shape of data in batch 335 is (128, 1, 64, 64) 
shape of data in batch 336 is (128, 1, 64, 64) 
shape of data in batch 337 is (128, 1, 64, 64) 
shape of data in batch 338 is (128, 1, 64, 64) 
shape of data in batch 339 is (128, 1, 64, 64) 
shape of data in batch 340 is (128, 1, 64, 64) 
shape of data in batch 341 is (128, 1, 64, 64) 
shape of data in batch 342 is (128, 1, 64, 64) 
shape of data in batch 343 is (128, 1, 64, 64) 
shape of data in batch 344 is (128, 1, 64, 64) 
shape of data in batch 345 is (128, 1, 64, 64) 
shape of data in batch 346 is (128, 1, 64, 64) 
shape of data in batch 347 is (128, 1, 64, 64) 
shape of data in batch 348 is (128, 1, 64, 64) 
shape of data in batch 349 is (128, 1, 64, 64) 
shape of data in batch 350 is (128, 1, 64, 64) 
shape of data in batch 351 is (128, 1, 64, 64) 
shape of data in batch 352 is (128, 1, 64, 64) 
shape of data in batch 353 is (128, 1, 64, 64) 
shape of data in batch 354 is (128, 1, 64, 64) 
shape of data in batch 355 is (128, 1, 64, 64) 
shape of data in batch 356 is (128, 1, 64, 64) 
shape of data in batch 357 is (128, 1, 64, 64) 
shape of data in batch 358 is (128, 1, 64, 64) 
shape of data in batch 359 is (128, 1, 64, 64) 
shape of data in batch 360 is (128, 1, 64, 64) 
shape of data in batch 361 is (128, 1, 64, 64) 
shape of data in batch 362 is (128, 1, 64, 64) 
shape of data in batch 363 is (128, 1, 64, 64) 
shape of data in batch 364 is (128, 1, 64, 64) 
shape of data in batch 365 is (128, 1, 64, 64) 
shape of data in batch 366 is (128, 1, 64, 64) 
shape of data in batch 367 is (128, 1, 64, 64) 
shape of data in batch 368 is (128, 1, 64, 64) 
shape of data in batch 369 is (128, 1, 64, 64) 
shape of data in batch 370 is (128, 1, 64, 64) 
shape of data in batch 371 is (128, 1, 64, 64) 
shape of data in batch 372 is (128, 1, 64, 64) 
shape of data in batch 373 is (128, 1, 64, 64) 
shape of data in batch 374 is (128, 1, 64, 64) 
shape of data in batch 375 is (128, 1, 64, 64) 
shape of data in batch 376 is (128, 1, 64, 64) 
shape of data in batch 377 is (128, 1, 64, 64) 
shape of data in batch 378 is (128, 1, 64, 64) 
shape of data in batch 379 is (128, 1, 64, 64) 
shape of data in batch 380 is (128, 1, 64, 64) 
shape of data in batch 381 is (128, 1, 64, 64) 
shape of data in batch 382 is (128, 1, 64, 64) 
shape of data in batch 383 is (128, 1, 64, 64) 
shape of data in batch 384 is (128, 1, 64, 64) 
shape of data in batch 385 is (128, 1, 64, 64) 
shape of data in batch 386 is (128, 1, 64, 64) 
shape of data in batch 387 is (128, 1, 64, 64) 
shape of data in batch 388 is (128, 1, 64, 64) 
shape of data in batch 389 is (128, 1, 64, 64) 
shape of data in batch 390 is (128, 1, 64, 64) 
shape of data in batch 391 is (128, 1, 64, 64) 
shape of data in batch 392 is (128, 1, 64, 64) 
shape of data in batch 393 is (128, 1, 64, 64) 
shape of data in batch 394 is (128, 1, 64, 64) 
shape of data in batch 395 is (128, 1, 64, 64) 
shape of data in batch 396 is (128, 1, 64, 64) 
shape of data in batch 397 is (128, 1, 64, 64) 
shape of data in batch 398 is (128, 1, 64, 64) 
shape of data in batch 399 is (128, 1, 64, 64) 
shape of data in batch 400 is (128, 1, 64, 64) 
shape of data in batch 401 is (128, 1, 64, 64) 
shape of data in batch 402 is (128, 1, 64, 64) 
shape of data in batch 403 is (128, 1, 64, 64) 
shape of data in batch 404 is (128, 1, 64, 64) 
shape of data in batch 405 is (128, 1, 64, 64) 
shape of data in batch 406 is (128, 1, 64, 64) 
shape of data in batch 407 is (128, 1, 64, 64) 
shape of data in batch 408 is (128, 1, 64, 64) 
shape of data in batch 409 is (128, 1, 64, 64) 
shape of data in batch 410 is (128, 1, 64, 64) 
shape of data in batch 411 is (128, 1, 64, 64) 
shape of data in batch 412 is (128, 1, 64, 64) 
shape of data in batch 413 is (128, 1, 64, 64) 
shape of data in batch 414 is (128, 1, 64, 64) 
shape of data in batch 415 is (128, 1, 64, 64) 
shape of data in batch 416 is (128, 1, 64, 64) 
shape of data in batch 417 is (128, 1, 64, 64) 
shape of data in batch 418 is (128, 1, 64, 64) 
shape of data in batch 419 is (128, 1, 64, 64) 
shape of data in batch 420 is (128, 1, 64, 64) 
shape of data in batch 421 is (128, 1, 64, 64) 
shape of data in batch 422 is (128, 1, 64, 64) 
shape of data in batch 423 is (128, 1, 64, 64) 
shape of data in batch 424 is (128, 1, 64, 64) 
shape of data in batch 425 is (128, 1, 64, 64) 
shape of data in batch 426 is (128, 1, 64, 64) 
shape of data in batch 427 is (128, 1, 64, 64) 
shape of data in batch 428 is (128, 1, 64, 64) 
shape of data in batch 429 is (128, 1, 64, 64) 
shape of data in batch 430 is (128, 1, 64, 64) 
shape of data in batch 431 is (128, 1, 64, 64) 
shape of data in batch 432 is (128, 1, 64, 64) 
shape of data in batch 433 is (128, 1, 64, 64) 
shape of data in batch 434 is (128, 1, 64, 64) 
shape of data in batch 435 is (128, 1, 64, 64) 
shape of data in batch 436 is (128, 1, 64, 64) 
shape of data in batch 437 is (128, 1, 64, 64) 
shape of data in batch 438 is (128, 1, 64, 64) 
shape of data in batch 439 is (128, 1, 64, 64) 
shape of data in batch 440 is (128, 1, 64, 64) 
shape of data in batch 441 is (128, 1, 64, 64) 
shape of data in batch 442 is (128, 1, 64, 64) 
shape of data in batch 443 is (128, 1, 64, 64) 
shape of data in batch 444 is (128, 1, 64, 64) 
shape of data in batch 445 is (128, 1, 64, 64) 
shape of data in batch 446 is (128, 1, 64, 64) 
shape of data in batch 447 is (128, 1, 64, 64) 
shape of data in batch 448 is (128, 1, 64, 64) 
shape of data in batch 449 is (128, 1, 64, 64) 
shape of data in batch 450 is (128, 1, 64, 64) 
shape of data in batch 451 is (128, 1, 64, 64) 
shape of data in batch 452 is (128, 1, 64, 64) 
shape of data in batch 453 is (128, 1, 64, 64) 
shape of data in batch 454 is (128, 1, 64, 64) 
shape of data in batch 455 is (128, 1, 64, 64) 
shape of data in batch 456 is (128, 1, 64, 64) 
shape of data in batch 457 is (128, 1, 64, 64) 
shape of data in batch 458 is (128, 1, 64, 64) 
shape of data in batch 459 is (128, 1, 64, 64) 
shape of data in batch 460 is (128, 1, 64, 64) 
shape of data in batch 461 is (128, 1, 64, 64) 
shape of data in batch 462 is (128, 1, 64, 64) 
shape of data in batch 463 is (128, 1, 64, 64) 
shape of data in batch 464 is (128, 1, 64, 64) 
shape of data in batch 465 is (128, 1, 64, 64) 
shape of data in batch 466 is (128, 1, 64, 64) 
shape of data in batch 467 is (128, 1, 64, 64) 
shape of data in batch 468 is (128, 1, 64, 64) 
shape of data in batch 469 is (128, 1, 64, 64) 
shape of data in batch 470 is (128, 1, 64, 64) 
shape of data in batch 471 is (128, 1, 64, 64) 
shape of data in batch 472 is (128, 1, 64, 64) 
shape of data in batch 473 is (128, 1, 64, 64) 
shape of data in batch 474 is (128, 1, 64, 64) 
shape of data in batch 475 is (128, 1, 64, 64) 
shape of data in batch 476 is (128, 1, 64, 64) 
shape of data in batch 477 is (128, 1, 64, 64) 
shape of data in batch 478 is (128, 1, 64, 64) 
shape of data in batch 479 is (128, 1, 64, 64) 
shape of data in batch 480 is (128, 1, 64, 64) 
shape of data in batch 481 is (128, 1, 64, 64) 
shape of data in batch 482 is (128, 1, 64, 64) 
shape of data in batch 483 is (128, 1, 64, 64) 
shape of data in batch 484 is (128, 1, 64, 64) 
shape of data in batch 485 is (128, 1, 64, 64) 
shape of data in batch 486 is (128, 1, 64, 64) 
shape of data in batch 487 is (128, 1, 64, 64) 
shape of data in batch 488 is (128, 1, 64, 64) 
shape of data in batch 489 is (128, 1, 64, 64) 
shape of data in batch 490 is (128, 1, 64, 64) 
shape of data in batch 491 is (128, 1, 64, 64) 
shape of data in batch 492 is (128, 1, 64, 64) 
shape of data in batch 493 is (128, 1, 64, 64) 
shape of data in batch 494 is (128, 1, 64, 64) 
shape of data in batch 495 is (128, 1, 64, 64) 
shape of data in batch 496 is (128, 1, 64, 64) 
shape of data in batch 497 is (128, 1, 64, 64) 
shape of data in batch 498 is (128, 1, 64, 64) 
shape of data in batch 499 is (128, 1, 64, 64) 
shape of data in batch 500 is (128, 1, 64, 64) 
shape of data in batch 501 is (128, 1, 64, 64) 
shape of data in batch 502 is (128, 1, 64, 64) 
shape of data in batch 503 is (128, 1, 64, 64) 
shape of data in batch 504 is (128, 1, 64, 64) 
shape of data in batch 505 is (128, 1, 64, 64) 
shape of data in batch 506 is (128, 1, 64, 64) 
shape of data in batch 507 is (128, 1, 64, 64) 
shape of data in batch 508 is (128, 1, 64, 64) 
shape of data in batch 509 is (128, 1, 64, 64) 
shape of data in batch 510 is (128, 1, 64, 64) 
shape of data in batch 511 is (128, 1, 64, 64) 
shape of data in batch 512 is (128, 1, 64, 64) 
shape of data in batch 513 is (128, 1, 64, 64) 
shape of data in batch 514 is (128, 1, 64, 64) 
shape of data in batch 515 is (128, 1, 64, 64) 
shape of data in batch 516 is (128, 1, 64, 64) 
shape of data in batch 517 is (128, 1, 64, 64) 
shape of data in batch 518 is (128, 1, 64, 64) 
shape of data in batch 519 is (128, 1, 64, 64) 
shape of data in batch 520 is (128, 1, 64, 64) 
shape of data in batch 521 is (128, 1, 64, 64) 
shape of data in batch 522 is (128, 1, 64, 64) 
shape of data in batch 523 is (128, 1, 64, 64) 
shape of data in batch 524 is (128, 1, 64, 64) 
shape of data in batch 525 is (128, 1, 64, 64) 
shape of data in batch 526 is (128, 1, 64, 64) 
shape of data in batch 527 is (128, 1, 64, 64) 
shape of data in batch 528 is (128, 1, 64, 64) 
shape of data in batch 529 is (128, 1, 64, 64) 
shape of data in batch 530 is (128, 1, 64, 64) 
shape of data in batch 531 is (128, 1, 64, 64) 
shape of data in batch 532 is (128, 1, 64, 64) 
shape of data in batch 533 is (128, 1, 64, 64) 
shape of data in batch 534 is (128, 1, 64, 64) 
shape of data in batch 535 is (128, 1, 64, 64) 
shape of data in batch 536 is (128, 1, 64, 64) 
shape of data in batch 537 is (128, 1, 64, 64) 
shape of data in batch 538 is (128, 1, 64, 64) 
shape of data in batch 539 is (128, 1, 64, 64) 
shape of data in batch 540 is (128, 1, 64, 64) 
shape of data in batch 541 is (128, 1, 64, 64) 
shape of data in batch 542 is (128, 1, 64, 64) 
shape of data in batch 543 is (128, 1, 64, 64) 
shape of data in batch 544 is (128, 1, 64, 64) 
shape of data in batch 545 is (128, 1, 64, 64) 
shape of data in batch 546 is (128, 1, 64, 64) 
shape of data in batch 547 is (128, 1, 64, 64) 
shape of data in batch 548 is (128, 1, 64, 64) 
shape of data in batch 549 is (128, 1, 64, 64) 
shape of data in batch 550 is (128, 1, 64, 64) 
shape of data in batch 551 is (128, 1, 64, 64) 
shape of data in batch 552 is (128, 1, 64, 64) 
shape of data in batch 553 is (128, 1, 64, 64) 
shape of data in batch 554 is (128, 1, 64, 64) 
shape of data in batch 555 is (128, 1, 64, 64) 
shape of data in batch 556 is (128, 1, 64, 64) 
shape of data in batch 557 is (128, 1, 64, 64) 
shape of data in batch 558 is (128, 1, 64, 64) 
shape of data in batch 559 is (128, 1, 64, 64) 
shape of data in batch 560 is (128, 1, 64, 64) 
shape of data in batch 561 is (128, 1, 64, 64) 
shape of data in batch 562 is (128, 1, 64, 64) 
shape of data in batch 563 is (128, 1, 64, 64) 
shape of data in batch 564 is (128, 1, 64, 64) 
shape of data in batch 565 is (128, 1, 64, 64) 
shape of data in batch 566 is (128, 1, 64, 64) 
shape of data in batch 567 is (128, 1, 64, 64) 
shape of data in batch 568 is (128, 1, 64, 64) 
shape of data in batch 569 is (128, 1, 64, 64) 
shape of data in batch 570 is (128, 1, 64, 64) 
shape of data in batch 571 is (128, 1, 64, 64) 
shape of data in batch 572 is (128, 1, 64, 64) 
shape of data in batch 573 is (128, 1, 64, 64) 
shape of data in batch 574 is (128, 1, 64, 64) 
shape of data in batch 575 is (128, 1, 64, 64) 
shape of data in batch 576 is (128, 1, 64, 64) 
shape of data in batch 577 is (128, 1, 64, 64) 
shape of data in batch 578 is (128, 1, 64, 64) 
shape of data in batch 579 is (128, 1, 64, 64) 
shape of data in batch 580 is (128, 1, 64, 64) 
shape of data in batch 581 is (128, 1, 64, 64) 
shape of data in batch 582 is (128, 1, 64, 64) 
shape of data in batch 583 is (128, 1, 64, 64) 
shape of data in batch 584 is (128, 1, 64, 64) 
shape of data in batch 585 is (128, 1, 64, 64) 
shape of data in batch 586 is (128, 1, 64, 64) 
shape of data in batch 587 is (128, 1, 64, 64) 
shape of data in batch 588 is (128, 1, 64, 64) 
shape of data in batch 589 is (128, 1, 64, 64) 
shape of data in batch 590 is (128, 1, 64, 64) 
shape of data in batch 591 is (128, 1, 64, 64) 
shape of data in batch 592 is (128, 1, 64, 64) 
shape of data in batch 593 is (128, 1, 64, 64) 
shape of data in batch 594 is (128, 1, 64, 64) 
shape of data in batch 595 is (128, 1, 64, 64) 
shape of data in batch 596 is (128, 1, 64, 64) 
shape of data in batch 597 is (128, 1, 64, 64) 
shape of data in batch 598 is (128, 1, 64, 64) 
shape of data in batch 599 is (128, 1, 64, 64) 
shape of data in batch 600 is (128, 1, 64, 64) 
shape of data in batch 601 is (128, 1, 64, 64) 
shape of data in batch 602 is (128, 1, 64, 64) 
shape of data in batch 603 is (128, 1, 64, 64) 
shape of data in batch 604 is (128, 1, 64, 64) 
shape of data in batch 605 is (128, 1, 64, 64) 
shape of data in batch 606 is (128, 1, 64, 64) 
shape of data in batch 607 is (128, 1, 64, 64) 
shape of data in batch 608 is (128, 1, 64, 64) 
shape of data in batch 609 is (128, 1, 64, 64) 
shape of data in batch 610 is (128, 1, 64, 64) 
shape of data in batch 611 is (128, 1, 64, 64) 
shape of data in batch 612 is (128, 1, 64, 64) 
shape of data in batch 613 is (128, 1, 64, 64) 
shape of data in batch 614 is (128, 1, 64, 64) 
shape of data in batch 615 is (128, 1, 64, 64) 
shape of data in batch 616 is (128, 1, 64, 64) 
shape of data in batch 617 is (128, 1, 64, 64) 
shape of data in batch 618 is (128, 1, 64, 64) 
shape of data in batch 619 is (128, 1, 64, 64) 
shape of data in batch 620 is (128, 1, 64, 64) 
shape of data in batch 621 is (128, 1, 64, 64) 
shape of data in batch 622 is (128, 1, 64, 64) 
shape of data in batch 623 is (128, 1, 64, 64) 
shape of data in batch 624 is (128, 1, 64, 64) 
shape of data in batch 625 is (128, 1, 64, 64) 
shape of data in batch 626 is (128, 1, 64, 64) 
shape of data in batch 627 is (128, 1, 64, 64) 
shape of data in batch 628 is (128, 1, 64, 64) 
shape of data in batch 629 is (128, 1, 64, 64) 
shape of data in batch 630 is (128, 1, 64, 64) 
shape of data in batch 631 is (128, 1, 64, 64) 
shape of data in batch 632 is (128, 1, 64, 64) 
shape of data in batch 633 is (128, 1, 64, 64) 
shape of data in batch 634 is (128, 1, 64, 64) 
shape of data in batch 635 is (128, 1, 64, 64) 
shape of data in batch 636 is (128, 1, 64, 64) 
shape of data in batch 637 is (128, 1, 64, 64) 
shape of data in batch 638 is (128, 1, 64, 64) 
shape of data in batch 639 is (128, 1, 64, 64) 
shape of data in batch 640 is (128, 1, 64, 64) 
shape of data in batch 641 is (128, 1, 64, 64) 
shape of data in batch 642 is (128, 1, 64, 64) 
shape of data in batch 643 is (128, 1, 64, 64) 
shape of data in batch 644 is (128, 1, 64, 64) 
shape of data in batch 645 is (128, 1, 64, 64) 
shape of data in batch 646 is (128, 1, 64, 64) 
shape of data in batch 647 is (128, 1, 64, 64) 
shape of data in batch 648 is (128, 1, 64, 64) 
shape of data in batch 649 is (128, 1, 64, 64) 
shape of data in batch 650 is (128, 1, 64, 64) 
shape of data in batch 651 is (128, 1, 64, 64) 
shape of data in batch 652 is (128, 1, 64, 64) 
shape of data in batch 653 is (128, 1, 64, 64) 
shape of data in batch 654 is (128, 1, 64, 64) 
shape of data in batch 655 is (128, 1, 64, 64) 
shape of data in batch 656 is (128, 1, 64, 64) 
shape of data in batch 657 is (128, 1, 64, 64) 
shape of data in batch 658 is (128, 1, 64, 64) 
shape of data in batch 659 is (128, 1, 64, 64) 
